<?xml version="1.0" encoding="UTF-8"?>
<testng-results skipped="0" failed="0" total="1" passed="1">
  <reporter-output>
  </reporter-output>
  <suite name="Default suite" duration-ms="51563" started-at="2020-07-31T07:41:10Z" finished-at="2020-07-31T07:42:01Z">
    <groups>
    </groups>
    <test name="Default test" duration-ms="51563" started-at="2020-07-31T07:41:10Z" finished-at="2020-07-31T07:42:01Z">
      <class name="com.Desk.Root.Pest.TestNGClass">
        <test-method status="PASS" signature="f()[pri:0, instance:com.Desk.Root.Pest.TestNGClass@60addb54]" name="f" duration-ms="51505" started-at="2020-07-31T00:41:10Z" finished-at="2020-07-31T00:42:01Z">
          <reporter-output>
          </reporter-output>
        </test-method> <!-- f -->
      </class> <!-- com.Desk.Root.Pest.TestNGClass -->
    </test> <!-- Default test -->
  </suite> <!-- Default suite -->
</testng-results>
